<?xml version="1.0" encoding="UTF-8"?>

<mule xmlns:ee="http://www.mulesoft.org/schema/mule/ee/core" xmlns:http="http://www.mulesoft.org/schema/mule/http"
	xmlns="http://www.mulesoft.org/schema/mule/core"
	xmlns:doc="http://www.mulesoft.org/schema/mule/documentation" xmlns:xsi="http://www.w3.org/2001/XMLSchema-instance" xsi:schemaLocation="http://www.mulesoft.org/schema/mule/core http://www.mulesoft.org/schema/mule/core/current/mule.xsd
http://www.mulesoft.org/schema/mule/http http://www.mulesoft.org/schema/mule/http/current/mule-http.xsd
http://www.mulesoft.org/schema/mule/ee/core http://www.mulesoft.org/schema/mule/ee/core/current/mule-ee.xsd">
	<http:listener-config name="HTTP_Listener_config" doc:name="HTTP Listener config" doc:id="00d44615-3c93-4363-b215-a82994b402cf" basePath="/" >
		<http:listener-connection host="localhost" port="8090" />
	</http:listener-config>
	<flow name="test-apiFlow" doc:id="cbb3312a-4318-4345-b695-c3d626d27fe6" >
		<http:listener doc:name="Listener" doc:id="547803ca-94e2-4e63-b665-d3b4295f8718" config-ref="HTTP_Listener_config" path="/test"/>
		<ee:transform doc:name="Transform Message" doc:id="0f73a161-7dea-42c6-9edb-3024f825c051" >
			<ee:message >
				<ee:set-payload ><![CDATA[%dw 2.0
output application/json
---
{
	"hello": "world"
}]]></ee:set-payload>
			</ee:message>
		</ee:transform>
	</flow>
</mule>
